<?xml version="1.0" encoding="UTF-8" ?>
<testsuite tests="7" failures="0" name="HashMapTest" time="0.008" errors="0" skipped="0">
  <properties>
[...]
</properties>
  <testcase classname="HashMapTest" name="checkSizeOfEmptyHashMap" time="0.004"/>
  <testcase classname="HashMapTest" name="getThirdValue" time="0"/>
  <testcase classname="HashMapTest" name="getFirstValue" time="0"/>
  <testcase classname="HashMapTest" name="checkNotExistedKey" time="0"/>
  <testcase classname="HashMapTest" name="checkSizeAfterPut" time="0.001"/>
  <testcase classname="HashMapTest" name="checkSizeAfterResize" time="0.003"/>
  <testcase classname="HashMapTest" name="checkPutOfSameKey" time="0"/>
</testsuite>